<?xml version="1.0" encoding="UTF-8"?>
<robot generator="Robot 7.2.2 (Python 3.13.2 on win32)" generated="2025-04-28T14:45:27.754821" rpa="false" schemaversion="5">
<suite id="s1" name="OJT-activity" source="c:\Users\DEVOJT\Documents\QA testing files\Practice\test-scripts\OJT-activity.robot">
<test id="s1-t1" name="Web Scraping" line="27">
<kw name="Open Login Page" owner="keywords" type="SETUP">
<kw name="Open Browser" owner="SeleniumLibrary">
<msg time="2025-04-28T14:45:33.525326" level="INFO">Opening browser 'Chrome' to base url 'http://localhost:4200/login'.</msg>
<arg>${URL}</arg>
<arg>${Browser}</arg>
<doc>Opens a new browser instance to the optional ``url``.</doc>
<status status="PASS" start="2025-04-28T14:45:33.523362" elapsed="19.163028"/>
</kw>
<kw name="Maximize Browser Window" owner="SeleniumLibrary">
<doc>Maximizes current browser window.</doc>
<status status="PASS" start="2025-04-28T14:45:52.691662" elapsed="0.601873"/>
</kw>
<kw name="Sleep" owner="BuiltIn">
<msg time="2025-04-28T14:45:55.296848" level="INFO">Slept 2 seconds.</msg>
<arg>2s</arg>
<doc>Pauses the test executed for the given time.</doc>
<status status="PASS" start="2025-04-28T14:45:53.294695" elapsed="2.003258"/>
</kw>
<tag>SRS-0001</tag>
<doc>This keyword is for opening the login page</doc>
<status status="PASS" start="2025-04-28T14:45:33.517766" elapsed="21.781026"/>
</kw>
<kw name="Verify Login Elements" owner="keywords">
<kw name="Create List" owner="BuiltIn">
<msg time="2025-04-28T14:45:55.306952" level="INFO">${elements} = ["xpath=//input[@placeholder='Username']", "xpath=//input[@placeholder='Password']", "xpath=//button[normalize-space()='Login']"]</msg>
<var>${elements}</var>
<arg>${Username_field}</arg>
<arg>${Password_field}</arg>
<arg>${Login_btn}</arg>
<doc>Returns a list containing given items.</doc>
<status status="PASS" start="2025-04-28T14:45:55.304949" elapsed="0.002576"/>
</kw>
<for flavor="IN">
<iter>
<kw name="Page Should Contain Element" owner="SeleniumLibrary">
<msg time="2025-04-28T14:45:55.541162" level="INFO">Current page contains element 'xpath=//input[@placeholder='Username']'.</msg>
<arg>${element}</arg>
<doc>Verifies that element ``locator`` is found on the current page.</doc>
<status status="PASS" start="2025-04-28T14:45:55.311001" elapsed="0.231025"/>
</kw>
<kw name="Element Should Be Enabled" owner="SeleniumLibrary">
<arg>${element}</arg>
<doc>Verifies that element identified by ``locator`` is enabled.</doc>
<status status="PASS" start="2025-04-28T14:45:55.543205" elapsed="1.056207"/>
</kw>
<var name="${element}">xpath=//input[@placeholder='Username']</var>
<status status="PASS" start="2025-04-28T14:45:55.309780" elapsed="1.290319"/>
</iter>
<iter>
<kw name="Page Should Contain Element" owner="SeleniumLibrary">
<msg time="2025-04-28T14:45:56.842441" level="INFO">Current page contains element 'xpath=//input[@placeholder='Password']'.</msg>
<arg>${element}</arg>
<doc>Verifies that element ``locator`` is found on the current page.</doc>
<status status="PASS" start="2025-04-28T14:45:56.601877" elapsed="0.241658"/>
</kw>
<kw name="Element Should Be Enabled" owner="SeleniumLibrary">
<arg>${element}</arg>
<doc>Verifies that element identified by ``locator`` is enabled.</doc>
<status status="PASS" start="2025-04-28T14:45:56.844882" elapsed="0.586468"/>
</kw>
<var name="${element}">xpath=//input[@placeholder='Password']</var>
<status status="PASS" start="2025-04-28T14:45:56.601033" elapsed="0.831012"/>
</iter>
<iter>
<kw name="Page Should Contain Element" owner="SeleniumLibrary">
<msg time="2025-04-28T14:45:57.604330" level="INFO">Current page contains element 'xpath=//button[normalize-space()='Login']'.</msg>
<arg>${element}</arg>
<doc>Verifies that element ``locator`` is found on the current page.</doc>
<status status="PASS" start="2025-04-28T14:45:57.433731" elapsed="0.171426"/>
</kw>
<kw name="Element Should Be Enabled" owner="SeleniumLibrary">
<arg>${element}</arg>
<doc>Verifies that element identified by ``locator`` is enabled.</doc>
<status status="PASS" start="2025-04-28T14:45:57.606334" elapsed="0.178122"/>
</kw>
<var name="${element}">xpath=//button[normalize-space()='Login']</var>
<status status="PASS" start="2025-04-28T14:45:57.432949" elapsed="0.352113"/>
</iter>
<var>${element}</var>
<value>@{elements}</value>
<status status="PASS" start="2025-04-28T14:45:55.308657" elapsed="2.477156"/>
</for>
<tag>SRS-0001</tag>
<doc>This keyword is for verifying the login elements</doc>
<status status="PASS" start="2025-04-28T14:45:55.302568" elapsed="2.484103"/>
</kw>
<kw name="Get Loginbtn Tag" owner="common">
<msg time="2025-04-28T14:45:57.936097" level="INFO">${loginbtn_tag} = xpath:(//button)[1]</msg>
<var>${loginbtn_tag}</var>
<arg>${URL}</arg>
<status status="PASS" start="2025-04-28T14:45:57.806054" elapsed="0.132315"/>
</kw>
<kw name="Get Input Tag" owner="common">
<msg time="2025-04-28T14:45:58.124937" level="INFO">${username_tag} = xpath:(//input)[1]</msg>
<msg time="2025-04-28T14:45:58.125659" level="INFO">${password_tag} = xpath:(//input)[2]</msg>
<var>${username_tag}</var>
<var>${password_tag}</var>
<arg>${URL}</arg>
<status status="PASS" start="2025-04-28T14:45:57.942547" elapsed="0.183734"/>
</kw>
<kw name="Input Text" owner="SeleniumLibrary">
<msg time="2025-04-28T14:45:58.137436" level="INFO">Typing text 'qwerty' into text field 'xpath:(//input)[1]'.</msg>
<arg>${username_tag}</arg>
<arg>qwerty</arg>
<doc>Types the given ``text`` into the text field identified by ``locator``.</doc>
<status status="PASS" start="2025-04-28T14:45:58.136004" elapsed="1.966234"/>
</kw>
<kw name="Input Password" owner="SeleniumLibrary">
<msg time="2025-04-28T14:46:00.106094" level="INFO">Typing password into text field 'xpath:(//input)[2]'.</msg>
<msg time="2025-04-28T14:46:00.333676" level="INFO">Temporally setting log level to: NONE</msg>
<arg>${password_tag}</arg>
<arg>qwe</arg>
<doc>Types the given password into the text field identified by ``locator``.</doc>
<status status="PASS" start="2025-04-28T14:46:00.105239" elapsed="2.152908"/>
</kw>
<kw name="Click Button" owner="SeleniumLibrary">
<msg time="2025-04-28T14:46:02.260492" level="INFO">Clicking button 'xpath:(//button)[1]'.</msg>
<arg>${loginbtn_tag}</arg>
<doc>Clicks the button identified by ``locator``.</doc>
<status status="PASS" start="2025-04-28T14:46:02.259622" elapsed="1.351065"/>
</kw>
<kw name="Log" owner="BuiltIn">
<msg time="2025-04-28T14:46:03.632508" level="INFO">xpath:(//input)[1]</msg>
<arg>${username_tag}</arg>
<doc>Logs the given message with the given level.</doc>
<status status="PASS" start="2025-04-28T14:46:03.631402" elapsed="0.001751"/>
</kw>
<kw name="Log" owner="BuiltIn">
<msg time="2025-04-28T14:46:03.646095" level="INFO">xpath:(//input)[2]</msg>
<arg>${password_tag}</arg>
<doc>Logs the given message with the given level.</doc>
<status status="PASS" start="2025-04-28T14:46:03.644850" elapsed="0.001878"/>
</kw>
<kw name="Log" owner="BuiltIn">
<msg time="2025-04-28T14:46:03.659208" level="INFO">xpath:(//button)[1]</msg>
<arg>${loginbtn_tag}</arg>
<doc>Logs the given message with the given level.</doc>
<status status="PASS" start="2025-04-28T14:46:03.658192" elapsed="0.004770"/>
</kw>
<kw name="Sleep" owner="BuiltIn">
<msg time="2025-04-28T14:46:08.673405" level="INFO">Slept 5 seconds.</msg>
<arg>5s</arg>
<doc>Pauses the test executed for the given time.</doc>
<status status="PASS" start="2025-04-28T14:46:03.671203" elapsed="5.002677"/>
</kw>
<kw name="Close Browser" owner="SeleniumLibrary" type="TEARDOWN">
<doc>Closes the current browser.</doc>
<status status="PASS" start="2025-04-28T14:46:08.678191" elapsed="66.107956"/>
</kw>
<doc>This test suite is for the Web Scraping</doc>
<tag>WS-0001</tag>
<status status="PASS" start="2025-04-28T14:45:33.513595" elapsed="101.277508"/>
</test>
<doc>This test suite is for Student Registration System Functionality, validation
UI/UX, scenarios testing
Auhort: Neovern Enricoso</doc>
<status status="PASS" start="2025-04-28T14:45:27.781871" elapsed="107.022659"/>
</suite>
<statistics>
<total>
<stat pass="1" fail="0" skip="0">All Tests</stat>
</total>
<tag>
<stat pass="1" fail="0" skip="0">WS-0001</stat>
</tag>
<suite>
<stat name="OJT-activity" id="s1" pass="1" fail="0" skip="0">OJT-activity</stat>
</suite>
</statistics>
<errors>
</errors>
</robot>
