<?xml version="1.0" encoding="UTF-8"?>
<robot generator="Robot 7.2.2 (Python 3.12.5 on win32)" generated="2025-03-17T09:56:02.329096" rpa="false" schemaversion="5">
<suite id="s1" name="Test" source="C:\Users\DEVOJT\Documents\QA testing files\Practice\test.robot">
<test id="s1-t1" name="Sample Test" line="17">
<kw name="Set Selenium Speed" owner="SeleniumLibrary">
<arg>value=1</arg>
<doc>Sets the delay that is waited after each Selenium command.</doc>
<status status="PASS" start="2025-03-17T09:56:02.805972" elapsed="0.001000"/>
</kw>
<kw name="Open Browser" owner="SeleniumLibrary">
<msg time="2025-03-17T09:56:02.807974" level="INFO">Opening browser 'Chrome' to base url 'https://quizcrossmindmaster.pythonanywhere.com'.</msg>
<arg>https://quizcrossmindmaster.pythonanywhere.com</arg>
<arg>${BROWSER}</arg>
<doc>Opens a new browser instance to the optional ``url``.</doc>
<status status="PASS" start="2025-03-17T09:56:02.806972" elapsed="5.385287"/>
</kw>
<kw name="Maximize Browser Window" owner="SeleniumLibrary">
<doc>Maximizes current browser window.</doc>
<status status="PASS" start="2025-03-17T09:56:08.195262" elapsed="1.066559"/>
</kw>
<kw name="Input Text" owner="SeleniumLibrary">
<msg time="2025-03-17T09:56:09.262828" level="INFO">Typing text 'neovern07@gmail.com' into text field 'xpath=//form[@id='loginForm']//input[@placeholder='Email']'.</msg>
<arg>xpath=//form[@id='loginForm']//input[@placeholder='Email']</arg>
<arg>${Email}</arg>
<doc>Types the given ``text`` into the text field identified by ``locator``.</doc>
<status status="PASS" start="2025-03-17T09:56:09.261821" elapsed="3.218358"/>
</kw>
<kw name="Input Password" owner="SeleniumLibrary">
<msg time="2025-03-17T09:56:12.481176" level="INFO">Typing password into text field 'xpath=//form[@id='loginForm']//input[@placeholder='Password']'.</msg>
<msg time="2025-03-17T09:56:14.565239" level="INFO">Temporally setting log level to: NONE</msg>
<arg>xpath=//form[@id='loginForm']//input[@placeholder='Password']</arg>
<arg>${Password}</arg>
<doc>Types the given password into the text field identified by ``locator``.</doc>
<status status="PASS" start="2025-03-17T09:56:12.481176" elapsed="3.163203"/>
</kw>
<kw name="Click Button" owner="SeleniumLibrary">
<msg time="2025-03-17T09:56:15.645384" level="INFO">Clicking button 'xpath=//button[normalize-space()='LOGIN']'.</msg>
<arg>xpath=//button[normalize-space()='LOGIN']</arg>
<doc>Clicks the button identified by ``locator``.</doc>
<status status="PASS" start="2025-03-17T09:56:15.644379" elapsed="5.159948"/>
</kw>
<kw name="Wait Until Element Contains" owner="SeleniumLibrary">
<arg>xpath=//a[normalize-space()='View Class']</arg>
<arg>View Class</arg>
<doc>Waits until the element ``locator`` contains ``text``.</doc>
<status status="PASS" start="2025-03-17T09:56:20.804327" elapsed="6.232954"/>
</kw>
<kw name="Mouse Over" owner="SeleniumLibrary">
<msg time="2025-03-17T09:56:27.037281" level="INFO">Simulating Mouse Over on element 'xpath=//a[normalize-space()='View Class']'.</msg>
<arg>xpath=//a[normalize-space()='View Class']</arg>
<doc>Simulates hovering the mouse over the element ``locator``.</doc>
<status status="PASS" start="2025-03-17T09:56:27.037281" elapsed="2.299108"/>
</kw>
<kw name="Sleep" owner="BuiltIn">
<msg time="2025-03-17T09:56:39.337794" level="INFO">Slept 10 seconds.</msg>
<arg>10s</arg>
<doc>Pauses the test executed for the given time.</doc>
<status status="PASS" start="2025-03-17T09:56:29.336389" elapsed="10.001405"/>
</kw>
<kw name="Close Browser" owner="SeleniumLibrary">
<doc>Closes the current browser.</doc>
<status status="PASS" start="2025-03-17T09:56:39.338796" elapsed="3.845709"/>
</kw>
<status status="PASS" start="2025-03-17T09:56:02.804971" elapsed="40.380531"/>
</test>
<doc>This is a sample test is to login to the website
https://quizcrossmindmaster.pythonanywhere.com
Author: Neovern Enricosooo</doc>
<status status="PASS" start="2025-03-17T09:56:02.332096" elapsed="40.854544"/>
</suite>
<statistics>
<total>
<stat pass="1" fail="0" skip="0">All Tests</stat>
</total>
<tag>
</tag>
<suite>
<stat name="Test" id="s1" pass="1" fail="0" skip="0">Test</stat>
</suite>
</statistics>
<errors>
</errors>
</robot>
