<?xml version="1.0" encoding="UTF-8"?>
<robot generator="Robot 7.2.2 (Python 3.13.2 on win32)" generated="2025-03-21T17:36:49.412100" rpa="false" schemaversion="5">
<suite id="s1" name="OJT-activity" source="C:\Users\DEVOJT\Documents\QA testing files\Practice\test-scripts\OJT-activity.robot">
<test id="s1-t1" name="Student Registration System" line="9">
<kw name="Open Login Page" owner="keywords" type="SETUP">
<kw name="Open Browser" owner="SeleniumLibrary">
<msg time="2025-03-21T17:36:50.532548" level="INFO">Opening browser 'Chrome' to base url 'http://localhost:4200/login'.</msg>
<arg>${URL}</arg>
<arg>${Browser}</arg>
<doc>Opens a new browser instance to the optional ``url``.</doc>
<status status="PASS" start="2025-03-21T17:36:50.531225" elapsed="6.472797"/>
</kw>
<kw name="Maximize Browser Window" owner="SeleniumLibrary">
<doc>Maximizes current browser window.</doc>
<status status="PASS" start="2025-03-21T17:36:57.017359" elapsed="0.142275"/>
</kw>
<kw name="Sleep" owner="BuiltIn">
<msg time="2025-03-21T17:36:59.162571" level="INFO">Slept 2 seconds.</msg>
<arg>2s</arg>
<doc>Pauses the test executed for the given time.</doc>
<status status="PASS" start="2025-03-21T17:36:57.160251" elapsed="2.002539"/>
</kw>
<tag>SRS-0001</tag>
<doc>This keyword is for opening the login page</doc>
<status status="PASS" start="2025-03-21T17:36:50.527910" elapsed="8.635114"/>
</kw>
<kw name="Verify Login Elements" owner="keywords">
<kw name="Page Should Contain Element" owner="SeleniumLibrary">
<msg time="2025-03-21T17:36:59.201427" level="INFO">Current page contains element 'xpath=//input[@placeholder='Username']'.</msg>
<arg>${Username_field}</arg>
<doc>Verifies that element ``locator`` is found on the current page.</doc>
<status status="PASS" start="2025-03-21T17:36:59.164461" elapsed="0.037139"/>
</kw>
<kw name="Element Should Be Enabled" owner="SeleniumLibrary">
<arg>${Username_field}</arg>
<doc>Verifies that element identified by ``locator`` is enabled.</doc>
<status status="PASS" start="2025-03-21T17:36:59.201920" elapsed="0.225551"/>
</kw>
<kw name="Page Should Contain Element" owner="SeleniumLibrary">
<msg time="2025-03-21T17:36:59.451748" level="INFO">Current page contains element 'xpath=//input[@placeholder='Password']'.</msg>
<arg>${Password_field}</arg>
<doc>Verifies that element ``locator`` is found on the current page.</doc>
<status status="PASS" start="2025-03-21T17:36:59.427894" elapsed="0.023989"/>
</kw>
<kw name="Element Should Be Enabled" owner="SeleniumLibrary">
<arg>${Password_field}</arg>
<doc>Verifies that element identified by ``locator`` is enabled.</doc>
<status status="PASS" start="2025-03-21T17:36:59.452170" elapsed="0.037801"/>
</kw>
<kw name="Page Should Contain Element" owner="SeleniumLibrary">
<msg time="2025-03-21T17:36:59.514794" level="INFO">Current page contains element 'xpath=//button[normalize-space()='Login']'.</msg>
<arg>${Login_btn}</arg>
<doc>Verifies that element ``locator`` is found on the current page.</doc>
<status status="PASS" start="2025-03-21T17:36:59.490248" elapsed="0.024849"/>
</kw>
<kw name="Element Should Be Enabled" owner="SeleniumLibrary">
<arg>${Login_btn}</arg>
<doc>Verifies that element identified by ``locator`` is enabled.</doc>
<status status="PASS" start="2025-03-21T17:36:59.515523" elapsed="0.042350"/>
</kw>
<tag>SRS-0001</tag>
<doc>This keyword is for verifying the login elements</doc>
<status status="PASS" start="2025-03-21T17:36:59.163932" elapsed="0.394365"/>
</kw>
<kw name="Verify Login validation" owner="keywords">
<for flavor="IN">
<iter>
<kw name="Input Text" owner="SeleniumLibrary">
<msg time="2025-03-21T17:36:59.563789" level="INFO">Typing text 'qwerty' into text field 'xpath=//input[@placeholder='Username']'.</msg>
<arg>${Username_field}</arg>
<arg>${username}</arg>
<doc>Types the given ``text`` into the text field identified by ``locator``.</doc>
<status status="PASS" start="2025-03-21T17:36:59.563067" elapsed="0.313943"/>
</kw>
<kw name="Input Password" owner="SeleniumLibrary">
<msg time="2025-03-21T17:36:59.879074" level="INFO">Typing password into text field 'xpath=//input[@placeholder='Password']'.</msg>
<msg time="2025-03-21T17:36:59.999397" level="INFO">Temporally setting log level to: NONE</msg>
<arg>${Password_field}</arg>
<arg>${password}</arg>
<doc>Types the given password into the text field identified by ``locator``.</doc>
<status status="PASS" start="2025-03-21T17:36:59.878271" elapsed="0.337206"/>
</kw>
<kw name="Loginvalidation" owner="loginValidation">
<msg time="2025-03-21T17:37:00.216816" level="INFO">${result} = Invalid user name but valid password</msg>
<var>${result}</var>
<arg>${username}</arg>
<arg>${password}</arg>
<status status="PASS" start="2025-03-21T17:37:00.216066" elapsed="0.000856"/>
</kw>
<kw name="Log" owner="BuiltIn">
<msg time="2025-03-21T17:37:00.217908" level="INFO">result: Invalid user name but valid password</msg>
<arg>result: ${result}</arg>
<doc>Logs the given message with the given level.</doc>
<status status="PASS" start="2025-03-21T17:37:00.217435" elapsed="0.000657"/>
</kw>
<kw name="Click Button" owner="SeleniumLibrary">
<msg time="2025-03-21T17:37:00.219069" level="INFO">Clicking button 'xpath=//button[normalize-space()='Login']'.</msg>
<arg>${Login_btn}</arg>
<doc>Clicks the button identified by ``locator``.</doc>
<status status="PASS" start="2025-03-21T17:37:00.218498" elapsed="0.564633"/>
</kw>
<var name="${username}">qwerty</var>
<var name="${password}">admin</var>
<status status="PASS" start="2025-03-21T17:36:59.562572" elapsed="1.220790"/>
</iter>
<iter>
<kw name="Input Text" owner="SeleniumLibrary">
<msg time="2025-03-21T17:37:00.785319" level="INFO">Typing text 'admin' into text field 'xpath=//input[@placeholder='Username']'.</msg>
<arg>${Username_field}</arg>
<arg>${username}</arg>
<doc>Types the given ``text`` into the text field identified by ``locator``.</doc>
<status status="PASS" start="2025-03-21T17:37:00.784417" elapsed="0.386075"/>
</kw>
<kw name="Input Password" owner="SeleniumLibrary">
<msg time="2025-03-21T17:37:01.172302" level="INFO">Typing password into text field 'xpath=//input[@placeholder='Password']'.</msg>
<msg time="2025-03-21T17:37:01.339423" level="INFO">Temporally setting log level to: NONE</msg>
<arg>${Password_field}</arg>
<arg>${password}</arg>
<doc>Types the given password into the text field identified by ``locator``.</doc>
<status status="PASS" start="2025-03-21T17:37:01.171407" elapsed="0.333604"/>
</kw>
<kw name="Loginvalidation" owner="loginValidation">
<msg time="2025-03-21T17:37:01.507123" level="INFO">${result} = Valid user name but invalid password</msg>
<var>${result}</var>
<arg>${username}</arg>
<arg>${password}</arg>
<status status="PASS" start="2025-03-21T17:37:01.505912" elapsed="0.001420"/>
</kw>
<kw name="Log" owner="BuiltIn">
<msg time="2025-03-21T17:37:01.508600" level="INFO">result: Valid user name but invalid password</msg>
<arg>result: ${result}</arg>
<doc>Logs the given message with the given level.</doc>
<status status="PASS" start="2025-03-21T17:37:01.507984" elapsed="0.000791"/>
</kw>
<kw name="Click Button" owner="SeleniumLibrary">
<msg time="2025-03-21T17:37:01.509744" level="INFO">Clicking button 'xpath=//button[normalize-space()='Login']'.</msg>
<arg>${Login_btn}</arg>
<doc>Clicks the button identified by ``locator``.</doc>
<status status="PASS" start="2025-03-21T17:37:01.509203" elapsed="0.243546"/>
</kw>
<var name="${username}">admin</var>
<var name="${password}">123456</var>
<status status="PASS" start="2025-03-21T17:37:00.783948" elapsed="0.969025"/>
</iter>
<iter>
<kw name="Input Text" owner="SeleniumLibrary">
<msg time="2025-03-21T17:37:01.754601" level="INFO">Typing text 'qwerty' into text field 'xpath=//input[@placeholder='Username']'.</msg>
<arg>${Username_field}</arg>
<arg>${username}</arg>
<doc>Types the given ``text`` into the text field identified by ``locator``.</doc>
<status status="PASS" start="2025-03-21T17:37:01.753959" elapsed="0.413679"/>
</kw>
<kw name="Input Password" owner="SeleniumLibrary">
<msg time="2025-03-21T17:37:02.168837" level="INFO">Typing password into text field 'xpath=//input[@placeholder='Password']'.</msg>
<msg time="2025-03-21T17:37:02.237677" level="INFO">Temporally setting log level to: NONE</msg>
<arg>${Password_field}</arg>
<arg>${password}</arg>
<doc>Types the given password into the text field identified by ``locator``.</doc>
<status status="PASS" start="2025-03-21T17:37:02.168104" elapsed="0.168285"/>
</kw>
<kw name="Loginvalidation" owner="loginValidation">
<msg time="2025-03-21T17:37:02.337419" level="INFO">${result} = Invalid user name and password</msg>
<var>${result}</var>
<arg>${username}</arg>
<arg>${password}</arg>
<status status="PASS" start="2025-03-21T17:37:02.336843" elapsed="0.000692"/>
</kw>
<kw name="Log" owner="BuiltIn">
<msg time="2025-03-21T17:37:02.338894" level="INFO">result: Invalid user name and password</msg>
<arg>result: ${result}</arg>
<doc>Logs the given message with the given level.</doc>
<status status="PASS" start="2025-03-21T17:37:02.338418" elapsed="0.000669"/>
</kw>
<kw name="Click Button" owner="SeleniumLibrary">
<msg time="2025-03-21T17:37:02.340085" level="INFO">Clicking button 'xpath=//button[normalize-space()='Login']'.</msg>
<arg>${Login_btn}</arg>
<doc>Clicks the button identified by ``locator``.</doc>
<status status="PASS" start="2025-03-21T17:37:02.339453" elapsed="0.233134"/>
</kw>
<var name="${username}">qwerty</var>
<var name="${password}">123456</var>
<status status="PASS" start="2025-03-21T17:37:01.753561" elapsed="0.819270"/>
</iter>
<iter>
<kw name="Input Text" owner="SeleniumLibrary">
<msg time="2025-03-21T17:37:02.575600" level="INFO">Typing text 'admin' into text field 'xpath=//input[@placeholder='Username']'.</msg>
<arg>${Username_field}</arg>
<arg>${username}</arg>
<doc>Types the given ``text`` into the text field identified by ``locator``.</doc>
<status status="PASS" start="2025-03-21T17:37:02.574405" elapsed="0.520345"/>
</kw>
<kw name="Input Password" owner="SeleniumLibrary">
<msg time="2025-03-21T17:37:03.096009" level="INFO">Typing password into text field 'xpath=//input[@placeholder='Password']'.</msg>
<msg time="2025-03-21T17:37:03.336301" level="INFO">Temporally setting log level to: NONE</msg>
<arg>${Password_field}</arg>
<arg>${password}</arg>
<doc>Types the given password into the text field identified by ``locator``.</doc>
<status status="PASS" start="2025-03-21T17:37:03.095327" elapsed="0.420147"/>
</kw>
<kw name="Loginvalidation" owner="loginValidation">
<msg time="2025-03-21T17:37:03.516430" level="INFO">${result} = Valid user name and password</msg>
<var>${result}</var>
<arg>${username}</arg>
<arg>${password}</arg>
<status status="PASS" start="2025-03-21T17:37:03.515877" elapsed="0.000642"/>
</kw>
<kw name="Log" owner="BuiltIn">
<msg time="2025-03-21T17:37:03.517251" level="INFO">result: Valid user name and password</msg>
<arg>result: ${result}</arg>
<doc>Logs the given message with the given level.</doc>
<status status="PASS" start="2025-03-21T17:37:03.516871" elapsed="0.000517"/>
</kw>
<kw name="Click Button" owner="SeleniumLibrary">
<msg time="2025-03-21T17:37:03.518630" level="INFO">Clicking button 'xpath=//button[normalize-space()='Login']'.</msg>
<arg>${Login_btn}</arg>
<doc>Clicks the button identified by ``locator``.</doc>
<status status="PASS" start="2025-03-21T17:37:03.517738" elapsed="0.232154"/>
</kw>
<var name="${username}">admin</var>
<var name="${password}">admin</var>
<status status="PASS" start="2025-03-21T17:37:02.573612" elapsed="1.176529"/>
</iter>
<var>${username}</var>
<var>${password}</var>
<value>${INVALID_USERNAME}</value>
<value>${VALID_PASSWORD}</value>
<value>${VALID_USERNAME}</value>
<value>${INVALID_PASSWORD}</value>
<value>${INVALID_USERNAME}</value>
<value>${INVALID_PASSWORD}</value>
<value>${VALID_USERNAME}</value>
<value>${VALID_PASSWORD}</value>
<status status="PASS" start="2025-03-21T17:36:59.560915" elapsed="4.189467"/>
</for>
<kw name="Alert Should Be Present" owner="SeleniumLibrary">
<msg time="2025-03-21T17:37:03.752001" level="INFO">HANDLE::&lt;class 'NoneType'&gt;::None</msg>
<arg>text=Authentication successful!</arg>
<doc>Verifies that an alert is present and by default, accepts it.</doc>
<status status="PASS" start="2025-03-21T17:37:03.751310" elapsed="0.526642"/>
</kw>
<kw name="Sleep" owner="BuiltIn">
<msg time="2025-03-21T17:37:05.279274" level="INFO">Slept 1 second.</msg>
<arg>1s</arg>
<doc>Pauses the test executed for the given time.</doc>
<status status="PASS" start="2025-03-21T17:37:04.278404" elapsed="1.001233"/>
</kw>
<tag>SRS-0001</tag>
<doc>This keyword is for verifying the login validation</doc>
<status status="PASS" start="2025-03-21T17:36:59.559991" elapsed="5.720552"/>
</kw>
<kw name="Verify Search Elements" owner="keywords">
<kw name="Click Element" owner="SeleniumLibrary">
<msg time="2025-03-21T17:37:05.290130" level="INFO">Clicking element 'xpath=//a[normalize-space()='Student Master List']'.</msg>
<arg>${Student_list_btn}</arg>
<doc>Click the element identified by ``locator``.</doc>
<status status="PASS" start="2025-03-21T17:37:05.288068" elapsed="1.487091"/>
</kw>
<kw name="Create List" owner="BuiltIn">
<msg time="2025-03-21T17:37:06.780571" level="INFO">${elements} = ["xpath=//a[normalize-space()='Student Master List']", "xpath=//input[@placeholder='🔍 Search Here']", "xpath=//select[@class='ng-untouched ng-pristine ng-valid']", "xpath=//button[contains(text(),'🔎 S...</msg>
<var>${elements}</var>
<arg>${Student_list_btn}</arg>
<arg>${Search_Field}</arg>
<arg>${Search_Category_field}</arg>
<arg>${Search_btn}</arg>
<arg>${Search_reset_btn}</arg>
<doc>Returns a list containing given items.</doc>
<status status="PASS" start="2025-03-21T17:37:06.776017" elapsed="0.005135"/>
</kw>
<kw name="Create List" owner="BuiltIn">
<msg time="2025-03-21T17:37:06.784142" level="INFO">${checkbox} = ["xpath=(//input[@type='checkbox'])[1]", "xpath=(//input[@type='checkbox'])[2]", "xpath=(//input[@type='checkbox'])[3]", "xpath=(//input[@type='checkbox'])[4]"]</msg>
<var>${checkbox}</var>
<arg>${YearFilter_1styear_chkbox}</arg>
<arg>${YearFilter_2ndyear_chkbox}</arg>
<arg>${YearFilter_3rdyear_chkbox}</arg>
<arg>${YearFilter_4thyear_chkbox}</arg>
<doc>Returns a list containing given items.</doc>
<status status="PASS" start="2025-03-21T17:37:06.782580" elapsed="0.001728"/>
</kw>
<for flavor="IN">
<iter>
<kw name="Page Should Contain Element" owner="SeleniumLibrary">
<msg time="2025-03-21T17:37:06.943964" level="INFO">Current page contains element 'xpath=//a[normalize-space()='Student Master List']'.</msg>
<arg>${element}</arg>
<doc>Verifies that element ``locator`` is found on the current page.</doc>
<status status="PASS" start="2025-03-21T17:37:06.785855" elapsed="0.158340"/>
</kw>
<kw name="Element Should Be Enabled" owner="SeleniumLibrary">
<arg>${element}</arg>
<doc>Verifies that element identified by ``locator`` is enabled.</doc>
<status status="PASS" start="2025-03-21T17:37:06.944679" elapsed="0.148936"/>
</kw>
<var name="${element}">xpath=//a[normalize-space()='Student Master List']</var>
<status status="PASS" start="2025-03-21T17:37:06.785422" elapsed="0.308395"/>
</iter>
<iter>
<kw name="Page Should Contain Element" owner="SeleniumLibrary">
<msg time="2025-03-21T17:37:07.121827" level="INFO">Current page contains element 'xpath=//input[@placeholder='🔍 Search Here']'.</msg>
<arg>${element}</arg>
<doc>Verifies that element ``locator`` is found on the current page.</doc>
<status status="PASS" start="2025-03-21T17:37:07.094696" elapsed="0.027401"/>
</kw>
<kw name="Element Should Be Enabled" owner="SeleniumLibrary">
<arg>${element}</arg>
<doc>Verifies that element identified by ``locator`` is enabled.</doc>
<status status="PASS" start="2025-03-21T17:37:07.122602" elapsed="0.086790"/>
</kw>
<var name="${element}">xpath=//input[@placeholder='🔍 Search Here']</var>
<status status="PASS" start="2025-03-21T17:37:07.094258" elapsed="0.115308"/>
</iter>
<iter>
<kw name="Page Should Contain Element" owner="SeleniumLibrary">
<msg time="2025-03-21T17:37:07.284524" level="INFO">Current page contains element 'xpath=//select[@class='ng-untouched ng-pristine ng-valid']'.</msg>
<arg>${element}</arg>
<doc>Verifies that element ``locator`` is found on the current page.</doc>
<status status="PASS" start="2025-03-21T17:37:07.211238" elapsed="0.073999"/>
</kw>
<kw name="Element Should Be Enabled" owner="SeleniumLibrary">
<arg>${element}</arg>
<doc>Verifies that element identified by ``locator`` is enabled.</doc>
<status status="PASS" start="2025-03-21T17:37:07.285908" elapsed="0.285187"/>
</kw>
<var name="${element}">xpath=//select[@class='ng-untouched ng-pristine ng-valid']</var>
<status status="PASS" start="2025-03-21T17:37:07.210329" elapsed="0.360986"/>
</iter>
<iter>
<kw name="Page Should Contain Element" owner="SeleniumLibrary">
<msg time="2025-03-21T17:37:07.600987" level="INFO">Current page contains element 'xpath=//button[contains(text(),'🔎 Search')]'.</msg>
<arg>${element}</arg>
<doc>Verifies that element ``locator`` is found on the current page.</doc>
<status status="PASS" start="2025-03-21T17:37:07.572574" elapsed="0.028609"/>
</kw>
<kw name="Element Should Be Enabled" owner="SeleniumLibrary">
<arg>${element}</arg>
<doc>Verifies that element identified by ``locator`` is enabled.</doc>
<status status="PASS" start="2025-03-21T17:37:07.601512" elapsed="0.205152"/>
</kw>
<var name="${element}">xpath=//button[contains(text(),'🔎 Search')]</var>
<status status="PASS" start="2025-03-21T17:37:07.571971" elapsed="0.234905"/>
</iter>
<iter>
<kw name="Page Should Contain Element" owner="SeleniumLibrary">
<msg time="2025-03-21T17:37:07.858133" level="INFO">Current page contains element 'xpath=//button[contains(text(),'🔄 Reset')]'.</msg>
<arg>${element}</arg>
<doc>Verifies that element ``locator`` is found on the current page.</doc>
<status status="PASS" start="2025-03-21T17:37:07.808033" elapsed="0.050332"/>
</kw>
<kw name="Element Should Be Enabled" owner="SeleniumLibrary">
<arg>${element}</arg>
<doc>Verifies that element identified by ``locator`` is enabled.</doc>
<status status="PASS" start="2025-03-21T17:37:07.859125" elapsed="0.160586"/>
</kw>
<var name="${element}">xpath=//button[contains(text(),'🔄 Reset')]</var>
<status status="PASS" start="2025-03-21T17:37:07.807670" elapsed="0.212274"/>
</iter>
<var>${element}</var>
<value>@{elements}</value>
<status status="PASS" start="2025-03-21T17:37:06.784813" elapsed="1.235301"/>
</for>
<for flavor="IN">
<iter>
<kw name="Page Should Contain Element" owner="SeleniumLibrary">
<msg time="2025-03-21T17:37:08.112971" level="INFO">Current page contains element 'xpath=(//input[@type='checkbox'])[1]'.</msg>
<arg>${check}</arg>
<doc>Verifies that element ``locator`` is found on the current page.</doc>
<status status="PASS" start="2025-03-21T17:37:08.021140" elapsed="0.092046"/>
</kw>
<var name="${check}">xpath=(//input[@type='checkbox'])[1]</var>
<status status="PASS" start="2025-03-21T17:37:08.020797" elapsed="0.092589"/>
</iter>
<iter>
<kw name="Page Should Contain Element" owner="SeleniumLibrary">
<msg time="2025-03-21T17:37:08.160132" level="INFO">Current page contains element 'xpath=(//input[@type='checkbox'])[2]'.</msg>
<arg>${check}</arg>
<doc>Verifies that element ``locator`` is found on the current page.</doc>
<status status="PASS" start="2025-03-21T17:37:08.114055" elapsed="0.046272"/>
</kw>
<var name="${check}">xpath=(//input[@type='checkbox'])[2]</var>
<status status="PASS" start="2025-03-21T17:37:08.113726" elapsed="0.047109"/>
</iter>
<iter>
<kw name="Page Should Contain Element" owner="SeleniumLibrary">
<msg time="2025-03-21T17:37:08.271942" level="INFO">Current page contains element 'xpath=(//input[@type='checkbox'])[3]'.</msg>
<arg>${check}</arg>
<doc>Verifies that element ``locator`` is found on the current page.</doc>
<status status="PASS" start="2025-03-21T17:37:08.161790" elapsed="0.110340"/>
</kw>
<var name="${check}">xpath=(//input[@type='checkbox'])[3]</var>
<status status="PASS" start="2025-03-21T17:37:08.161191" elapsed="0.111099"/>
</iter>
<iter>
<kw name="Page Should Contain Element" owner="SeleniumLibrary">
<msg time="2025-03-21T17:37:08.441286" level="INFO">Current page contains element 'xpath=(//input[@type='checkbox'])[4]'.</msg>
<arg>${check}</arg>
<doc>Verifies that element ``locator`` is found on the current page.</doc>
<status status="PASS" start="2025-03-21T17:37:08.272865" elapsed="0.168619"/>
</kw>
<var name="${check}">xpath=(//input[@type='checkbox'])[4]</var>
<status status="PASS" start="2025-03-21T17:37:08.272575" elapsed="0.169074"/>
</iter>
<var>${check}</var>
<value>@{checkbox}</value>
<status status="PASS" start="2025-03-21T17:37:08.020365" elapsed="0.421429"/>
</for>
<kw name="Page Should Contain Element" owner="SeleniumLibrary">
<msg time="2025-03-21T17:37:08.607915" level="INFO">Current page contains element 'css=.table-scroll'.</msg>
<arg>${Table_student_masterlist}</arg>
<doc>Verifies that element ``locator`` is found on the current page.</doc>
<status status="PASS" start="2025-03-21T17:37:08.442222" elapsed="0.166204"/>
</kw>
<tag>SRS-0001</tag>
<doc>This keyword is for verifying the search elements</doc>
<status status="PASS" start="2025-03-21T17:37:05.283092" elapsed="3.325566"/>
</kw>
<kw name="Verify Search Functionality" owner="keywords">
<kw name="Wait Until Element Is Visible" owner="SeleniumLibrary">
<arg>${Table_column_student}</arg>
<doc>Waits until the element ``locator`` is visible.</doc>
<status status="PASS" start="2025-03-21T17:37:08.620371" elapsed="0.242568"/>
</kw>
<kw name="Select Checkbox" owner="SeleniumLibrary">
<msg time="2025-03-21T17:37:08.864411" level="INFO">Selecting checkbox 'xpath=(//input[@type='checkbox'])[1]'.</msg>
<arg>${YearFilter_1styear_chkbox}</arg>
<doc>Selects the checkbox identified by ``locator``.</doc>
<status status="PASS" start="2025-03-21T17:37:08.863618" elapsed="0.996998"/>
</kw>
<kw name="Sleep" owner="BuiltIn">
<msg time="2025-03-21T17:37:10.862691" level="INFO">Slept 1 second.</msg>
<arg>1s</arg>
<doc>Pauses the test executed for the given time.</doc>
<status status="PASS" start="2025-03-21T17:37:09.861377" elapsed="1.001594"/>
</kw>
<kw name="Get Filtered Course Codes" owner="SearchFunctionality">
<msg time="2025-03-21T17:37:11.053995" level="INFO">@{matching_courses} = [ ]</msg>
<var>@{matching_courses}</var>
<arg>${Test_search_Year_level}</arg>
<status status="PASS" start="2025-03-21T17:37:10.863434" elapsed="0.190720"/>
</kw>
<for flavor="IN">
<iter>
<kw name="Table Should Contain" owner="SeleniumLibrary">
<arg>${Table_student_masterlist}</arg>
<arg>${course}</arg>
<doc>Verifies table contains text ``expected``.</doc>
<status status="NOT RUN" start="2025-03-21T17:37:11.055559" elapsed="0.000099"/>
</kw>
<var name="${course}"/>
<status status="NOT RUN" start="2025-03-21T17:37:11.055171" elapsed="0.000674"/>
</iter>
<var>${course}</var>
<value>@{matching_courses}</value>
<status status="NOT RUN" start="2025-03-21T17:37:11.054715" elapsed="0.001291"/>
</for>
<kw name="Click Button" owner="SeleniumLibrary">
<msg time="2025-03-21T17:37:11.057025" level="INFO">Clicking button 'xpath=//button[contains(text(),'🔄 Reset')]'.</msg>
<arg>${Search_reset_btn}</arg>
<doc>Clicks the button identified by ``locator``.</doc>
<status status="PASS" start="2025-03-21T17:37:11.056363" elapsed="0.309020"/>
</kw>
<kw name="Input Text" owner="SeleniumLibrary">
<msg time="2025-03-21T17:37:11.366602" level="INFO">Typing text 'asdfasdf' into text field 'xpath=//input[@placeholder='🔍 Search Here']'.</msg>
<arg>${Search_Field}</arg>
<arg>${Test_search_invalid}</arg>
<doc>Types the given ``text`` into the text field identified by ``locator``.</doc>
<status status="PASS" start="2025-03-21T17:37:11.365909" elapsed="0.279267"/>
</kw>
<kw name="Click Button" owner="SeleniumLibrary">
<msg time="2025-03-21T17:37:11.646347" level="INFO">Clicking button 'xpath=//button[contains(text(),'🔎 Search')]'.</msg>
<arg>${Search_btn}</arg>
<doc>Clicks the button identified by ``locator``.</doc>
<status status="PASS" start="2025-03-21T17:37:11.645699" elapsed="0.254655"/>
</kw>
<kw name="Alert Should Be Present" owner="SeleniumLibrary">
<msg time="2025-03-21T17:37:11.901459" level="INFO">HANDLE::&lt;class 'NoneType'&gt;::None</msg>
<doc>Verifies that an alert is present and by default, accepts it.</doc>
<status status="PASS" start="2025-03-21T17:37:11.900920" elapsed="0.013411"/>
</kw>
<kw name="Click Button" owner="SeleniumLibrary">
<msg time="2025-03-21T17:37:11.915450" level="INFO">Clicking button 'xpath=//button[contains(text(),'🔄 Reset')]'.</msg>
<arg>${Search_reset_btn}</arg>
<doc>Clicks the button identified by ``locator``.</doc>
<status status="PASS" start="2025-03-21T17:37:11.914795" elapsed="0.355227"/>
</kw>
<kw name="Input Text" owner="SeleniumLibrary">
<msg time="2025-03-21T17:37:12.273057" level="INFO">Typing text 'John' into text field 'xpath=//input[@placeholder='🔍 Search Here']'.</msg>
<arg>${Search_Field}</arg>
<arg>${Testdata_search_name}</arg>
<doc>Types the given ``text`` into the text field identified by ``locator``.</doc>
<status status="PASS" start="2025-03-21T17:37:12.270731" elapsed="0.539003"/>
</kw>
<kw name="Select From List By Label" owner="SeleniumLibrary">
<msg time="2025-03-21T17:37:12.810918" level="INFO">Selecting options from selection list 'xpath=//select[@class='ng-untouched ng-pristine ng-valid']' by label By Student Name.</msg>
<arg>${Search_Category_field}</arg>
<arg>${Testdata_search_Byname}</arg>
<doc>Selects options from selection list ``locator`` by ``labels``.</doc>
<status status="PASS" start="2025-03-21T17:37:12.810196" elapsed="0.358471"/>
</kw>
<kw name="Click Button" owner="SeleniumLibrary">
<msg time="2025-03-21T17:37:13.169766" level="INFO">Clicking button 'xpath=//button[contains(text(),'🔎 Search')]'.</msg>
<arg>${Search_btn}</arg>
<doc>Clicks the button identified by ``locator``.</doc>
<status status="PASS" start="2025-03-21T17:37:13.169113" elapsed="0.262855"/>
</kw>
<kw name="Sleep" owner="BuiltIn">
<msg time="2025-03-21T17:37:14.446414" level="INFO">Slept 1 second.</msg>
<arg>1s</arg>
<doc>Pauses the test executed for the given time.</doc>
<status status="PASS" start="2025-03-21T17:37:13.432520" elapsed="1.014112"/>
</kw>
<kw name="Table Should Contain" owner="SeleniumLibrary">
<arg>${Table_student_masterlist}</arg>
<arg>${Testdata_search_name}</arg>
<doc>Verifies table contains text ``expected``.</doc>
<status status="PASS" start="2025-03-21T17:37:14.447025" elapsed="0.467677"/>
</kw>
<tag>SRS-0001</tag>
<doc>This keyword is for verifying the search functionality</doc>
<status status="PASS" start="2025-03-21T17:37:08.619499" elapsed="6.295553"/>
</kw>
<kw name="Verify Activate/Deactive button Functionality" owner="keywords">
<kw name="Execute Javascript" owner="SeleniumLibrary">
<msg time="2025-03-21T17:37:14.918718" level="INFO">Executing JavaScript:
var table = document.querySelector(".table-scroll"); if (table) { table.scrollLeft = table.scrollWidth; }
Without any arguments.</msg>
<arg>var table = document.querySelector(".table-scroll"); if (table) { table.scrollLeft = table.scrollWidth; }</arg>
<doc>Executes the given JavaScript code with possible arguments.</doc>
<status status="PASS" start="2025-03-21T17:37:14.917585" elapsed="0.112052"/>
</kw>
<kw name="Run Keyword And Return Status" owner="BuiltIn">
<kw name="Element Should Contain" owner="SeleniumLibrary">
<msg time="2025-03-21T17:37:15.352445" level="INFO" html="true">&lt;/td&gt;&lt;/tr&gt;&lt;tr&gt;&lt;td colspan="3"&gt;&lt;a href="selenium-screenshot-7.png"&gt;&lt;img src="selenium-screenshot-7.png" width="800px"&gt;&lt;/a&gt;</msg>
<msg time="2025-03-21T17:37:15.353151" level="FAIL">Element 'css=tbody tr:nth-child(1) td:nth-child(18)' should have contained text 'Inactive' but its text was 'Active'.</msg>
<arg>${AccountStatus_column}</arg>
<arg>Inactive</arg>
<doc>Verifies that element ``locator`` contains text ``expected``.</doc>
<status status="FAIL" start="2025-03-21T17:37:15.030792" elapsed="0.504342">Element 'css=tbody tr:nth-child(1) td:nth-child(18)' should have contained text 'Inactive' but its text was 'Active'.</status>
</kw>
<msg time="2025-03-21T17:37:15.535649" level="INFO">${status} = False</msg>
<var>${status}</var>
<arg>Element Should Contain</arg>
<arg>${AccountStatus_column}</arg>
<arg>Inactive</arg>
<doc>Runs the given keyword with given arguments and returns the status as a Boolean value.</doc>
<status status="PASS" start="2025-03-21T17:37:15.030245" elapsed="0.505515"/>
</kw>
<if>
<branch type="IF" condition="${status}">
<kw name="Click Button" owner="SeleniumLibrary">
<arg>${Activate_btn}</arg>
<doc>Clicks the button identified by ``locator``.</doc>
<status status="NOT RUN" start="2025-03-21T17:37:15.537044" elapsed="0.000149"/>
</kw>
<kw name="Sleep" owner="BuiltIn">
<arg>1s</arg>
<doc>Pauses the test executed for the given time.</doc>
<status status="NOT RUN" start="2025-03-21T17:37:15.537687" elapsed="0.000112"/>
</kw>
<kw name="Repeat Keyword" owner="BuiltIn">
<arg>2 times</arg>
<arg>Handle Alert</arg>
<arg>ACCEPT</arg>
<doc>Executes the specified keyword multiple times.</doc>
<status status="NOT RUN" start="2025-03-21T17:37:15.538347" elapsed="0.000143"/>
</kw>
<kw name="Sleep" owner="BuiltIn">
<arg>1s</arg>
<doc>Pauses the test executed for the given time.</doc>
<status status="NOT RUN" start="2025-03-21T17:37:15.539038" elapsed="0.000125"/>
</kw>
<kw name="Input Text" owner="SeleniumLibrary">
<arg>${Search_Field}</arg>
<arg>${Testdata_search_name}</arg>
<doc>Types the given ``text`` into the text field identified by ``locator``.</doc>
<status status="NOT RUN" start="2025-03-21T17:37:15.539629" elapsed="0.000125"/>
</kw>
<kw name="Select From List By Label" owner="SeleniumLibrary">
<arg>${Search_Category_field}</arg>
<arg>${Testdata_search_Byname}</arg>
<doc>Selects options from selection list ``locator`` by ``labels``.</doc>
<status status="NOT RUN" start="2025-03-21T17:37:15.540225" elapsed="0.000168"/>
</kw>
<kw name="Sleep" owner="BuiltIn">
<arg>0.5s</arg>
<doc>Pauses the test executed for the given time.</doc>
<status status="NOT RUN" start="2025-03-21T17:37:15.540838" elapsed="0.000106"/>
</kw>
<kw name="Click Button" owner="SeleniumLibrary">
<arg>${Search_btn}</arg>
<doc>Clicks the button identified by ``locator``.</doc>
<status status="NOT RUN" start="2025-03-21T17:37:15.541360" elapsed="0.000107"/>
</kw>
<kw name="Table Should Contain" owner="SeleniumLibrary">
<arg>${Table_student_masterlist}</arg>
<arg>${Testdata_search_name}</arg>
<doc>Verifies table contains text ``expected``.</doc>
<status status="NOT RUN" start="2025-03-21T17:37:15.541875" elapsed="0.000107"/>
</kw>
<kw name="Execute Javascript" owner="SeleniumLibrary">
<arg>var table = document.querySelector(".table-scroll"); if (table) { table.scrollLeft = table.scrollWidth; }</arg>
<doc>Executes the given JavaScript code with possible arguments.</doc>
<status status="NOT RUN" start="2025-03-21T17:37:15.542464" elapsed="0.000134"/>
</kw>
<kw name="Element Should Contain" owner="SeleniumLibrary">
<arg>${AccountStatus_column}</arg>
<arg>Active</arg>
<doc>Verifies that element ``locator`` contains text ``expected``.</doc>
<status status="NOT RUN" start="2025-03-21T17:37:15.542969" elapsed="0.000085"/>
</kw>
<kw name="Sleep" owner="BuiltIn">
<arg>2s</arg>
<doc>Pauses the test executed for the given time.</doc>
<status status="NOT RUN" start="2025-03-21T17:37:15.543512" elapsed="0.000092"/>
</kw>
<status status="NOT RUN" start="2025-03-21T17:37:15.536356" elapsed="0.007413"/>
</branch>
<branch type="ELSE">
<kw name="Click Button" owner="SeleniumLibrary">
<msg time="2025-03-21T17:37:15.545196" level="INFO">Clicking button 'xpath=(//button[@class='remove-btn'][contains(text(),'🔴 Deactivate')])[1]'.</msg>
<arg>${Deactivate_btn}</arg>
<doc>Clicks the button identified by ``locator``.</doc>
<status status="PASS" start="2025-03-21T17:37:15.544392" elapsed="1.986247"/>
</kw>
<kw name="Sleep" owner="BuiltIn">
<msg time="2025-03-21T17:37:18.532494" level="INFO">Slept 1 second.</msg>
<arg>1s</arg>
<doc>Pauses the test executed for the given time.</doc>
<status status="PASS" start="2025-03-21T17:37:17.531512" elapsed="1.001210"/>
</kw>
<kw name="Repeat Keyword" owner="BuiltIn">
<msg time="2025-03-21T17:37:18.534016" level="INFO">Repeating keyword, round 1/2.</msg>
<kw name="Handle Alert" owner="SeleniumLibrary">
<msg time="2025-03-21T17:37:18.534701" level="INFO">HANDLE::&lt;class 'NoneType'&gt;::None</msg>
<arg>ACCEPT</arg>
<doc>Handles the current alert and returns its message.</doc>
<status status="PASS" start="2025-03-21T17:37:18.534375" elapsed="0.018686"/>
</kw>
<msg time="2025-03-21T17:37:18.553410" level="INFO">Repeating keyword, round 2/2.</msg>
<kw name="Handle Alert" owner="SeleniumLibrary">
<msg time="2025-03-21T17:37:18.554834" level="INFO">HANDLE::&lt;class 'NoneType'&gt;::None</msg>
<arg>ACCEPT</arg>
<doc>Handles the current alert and returns its message.</doc>
<status status="PASS" start="2025-03-21T17:37:18.554312" elapsed="0.560898"/>
</kw>
<arg>2 times</arg>
<arg>Handle Alert</arg>
<arg>ACCEPT</arg>
<doc>Executes the specified keyword multiple times.</doc>
<status status="PASS" start="2025-03-21T17:37:18.533637" elapsed="0.582128"/>
</kw>
<kw name="Sleep" owner="BuiltIn">
<msg time="2025-03-21T17:37:20.117318" level="INFO">Slept 1 second.</msg>
<arg>1s</arg>
<doc>Pauses the test executed for the given time.</doc>
<status status="PASS" start="2025-03-21T17:37:19.116181" elapsed="1.001374"/>
</kw>
<kw name="Input Text" owner="SeleniumLibrary">
<msg time="2025-03-21T17:37:20.118693" level="INFO">Typing text 'John' into text field 'xpath=//input[@placeholder='🔍 Search Here']'.</msg>
<arg>${Search_Field}</arg>
<arg>${Testdata_search_name}</arg>
<doc>Types the given ``text`` into the text field identified by ``locator``.</doc>
<status status="PASS" start="2025-03-21T17:37:20.117974" elapsed="0.361267"/>
</kw>
<kw name="Select From List By Label" owner="SeleniumLibrary">
<msg time="2025-03-21T17:37:20.480959" level="INFO">Selecting options from selection list 'xpath=//select[@class='ng-untouched ng-pristine ng-valid']' by label By Student Name.</msg>
<arg>${Search_Category_field}</arg>
<arg>${Testdata_search_Byname}</arg>
<doc>Selects options from selection list ``locator`` by ``labels``.</doc>
<status status="PASS" start="2025-03-21T17:37:20.480003" elapsed="0.469089"/>
</kw>
<kw name="Sleep" owner="BuiltIn">
<msg time="2025-03-21T17:37:21.450914" level="INFO">Slept 500 milliseconds.</msg>
<arg>0.5s</arg>
<doc>Pauses the test executed for the given time.</doc>
<status status="PASS" start="2025-03-21T17:37:20.949972" elapsed="0.501165"/>
</kw>
<kw name="Click Button" owner="SeleniumLibrary">
<msg time="2025-03-21T17:37:21.452051" level="INFO">Clicking button 'xpath=//button[contains(text(),'🔎 Search')]'.</msg>
<arg>${Search_btn}</arg>
<doc>Clicks the button identified by ``locator``.</doc>
<status status="PASS" start="2025-03-21T17:37:21.451586" elapsed="0.328145"/>
</kw>
<kw name="Table Should Contain" owner="SeleniumLibrary">
<arg>${Table_student_masterlist}</arg>
<arg>${Testdata_search_name}</arg>
<doc>Verifies table contains text ``expected``.</doc>
<status status="PASS" start="2025-03-21T17:37:21.780427" elapsed="0.151042"/>
</kw>
<kw name="Execute Javascript" owner="SeleniumLibrary">
<msg time="2025-03-21T17:37:21.933513" level="INFO">Executing JavaScript:
var table = document.querySelector(".table-scroll"); if (table) { table.scrollLeft = table.scrollWidth; }
Without any arguments.</msg>
<arg>var table = document.querySelector(".table-scroll"); if (table) { table.scrollLeft = table.scrollWidth; }</arg>
<doc>Executes the given JavaScript code with possible arguments.</doc>
<status status="PASS" start="2025-03-21T17:37:21.932340" elapsed="0.013131"/>
</kw>
<kw name="Element Should Contain" owner="SeleniumLibrary">
<msg time="2025-03-21T17:37:22.000617" level="INFO">Element 'css=tbody tr:nth-child(1) td:nth-child(18)' contains text 'Inactive'.</msg>
<arg>${AccountStatus_column}</arg>
<arg>Inactive</arg>
<doc>Verifies that element ``locator`` contains text ``expected``.</doc>
<status status="PASS" start="2025-03-21T17:37:21.945991" elapsed="0.054813"/>
</kw>
<kw name="Sleep" owner="BuiltIn">
<msg time="2025-03-21T17:37:24.002265" level="INFO">Slept 2 seconds.</msg>
<arg>2s</arg>
<doc>Pauses the test executed for the given time.</doc>
<status status="PASS" start="2025-03-21T17:37:22.001282" elapsed="2.001271"/>
</kw>
<status status="PASS" start="2025-03-21T17:37:15.543946" elapsed="8.458800"/>
</branch>
<status status="PASS" start="2025-03-21T17:37:15.536103" elapsed="8.466802"/>
</if>
<tag>SRS-0001</tag>
<doc>This keyword is for verifying the activate/deactivate button functionality</doc>
<status status="PASS" start="2025-03-21T17:37:14.916667" elapsed="9.086443"/>
</kw>
<kw name="Verify Log out Functionality" owner="keywords">
<kw name="Click Button" owner="SeleniumLibrary">
<msg time="2025-03-21T17:37:24.005610" level="INFO">Clicking button 'xpath=//button[normalize-space()='Log Out']'.</msg>
<arg>${Logout_btn}</arg>
<doc>Clicks the button identified by ``locator``.</doc>
<status status="PASS" start="2025-03-21T17:37:24.004986" elapsed="0.239452"/>
</kw>
<kw name="Alert Should Be Present" owner="SeleniumLibrary">
<msg time="2025-03-21T17:37:24.245250" level="INFO">HANDLE::&lt;class 'NoneType'&gt;::None</msg>
<doc>Verifies that an alert is present and by default, accepts it.</doc>
<status status="PASS" start="2025-03-21T17:37:24.244918" elapsed="0.035687"/>
</kw>
<tag>SRS-0001</tag>
<doc>This keyword is for verifying the logout functionality</doc>
<status status="PASS" start="2025-03-21T17:37:24.004117" elapsed="0.276897"/>
</kw>
<kw name="Close Browser" owner="SeleniumLibrary" type="TEARDOWN">
<doc>Closes the current browser.</doc>
<status status="PASS" start="2025-03-21T17:37:24.282408" elapsed="3.974033"/>
</kw>
<doc>This test suite is for the Student Registration System
 for login validation,logout functionality, student search functionality and validation
 and activate/deactivate button functionality</doc>
<tag>SRS-0001</tag>
<status status="PASS" start="2025-03-21T17:36:50.525125" elapsed="37.731704"/>
</test>
<doc>This test suite is for Student Registration System Functionality, validation
UI/UX, scenarios testing
Auhort: Neovern Enricoso</doc>
<status status="PASS" start="2025-03-21T17:36:49.414502" elapsed="38.844441"/>
</suite>
<statistics>
<total>
<stat pass="1" fail="0" skip="0">All Tests</stat>
</total>
<tag>
<stat pass="1" fail="0" skip="0">SRS-0001</stat>
</tag>
<suite>
<stat name="OJT-activity" id="s1" pass="1" fail="0" skip="0">OJT-activity</stat>
</suite>
</statistics>
<errors>
</errors>
</robot>
